<?xml version="1.0" encoding="UTF-8" ?>
<testsuite errors="0" failures="0" hostname="DESKTOP-H5KR5MS" name="MemberCardTest" skipped="0" tests="7" time="0.079" timestamp="2020-12-01T09:53:33">
  <properties>
[...]
</properties>
  <testcase classname="MemberCardTest" name="nextRedeem" time="0.001" />
  <testcase classname="MemberCardTest" name="firstRedeem" time="0.0" />
  <testcase classname="MemberCardTest" name="nextCanNotRedeemOverRemainingPoints" time="0.0" />
  <testcase classname="MemberCardTest" name="createObjectWithInitalIdCardtoMemberId" time="0.0" />
  <testcase classname="MemberCardTest" name="nextOrder50000BahtAddToPurchaseOrderAndAdd2000Points" time="0.0" />
  <testcase classname="MemberCardTest" name="firstOrderLessThan25BahtAddToPurchaseOrderOnly" time="0.0" />
  <testcase classname="MemberCardTest" name="firstOrderEqualTo25BahtAddToPurchaseOrderAndAdd1Point" time="0.001" />
  <system-out><![CDATA[]]></system-out>
  <system-err><![CDATA[]]></system-err>
</testsuite>
